# JRE version: OpenJDK Runtime Environment (11.0.8+10) (build 11.0.8+10-b944.6842174)
# Java VM: OpenJDK 64-Bit Server VM (11.0.8+10-b944.6842174, mixed mode, tiered, compressed oops, g1 gc, windows-amd64)
Heap:
 garbage-first heap   total 193536K, used 90845K [0x0000000081c00000, 0x0000000100000000)
  region size 1024K, 26 young (26624K), 5 survivors (5120K)
 Metaspace       used 71019K, capacity 71770K, committed 71848K, reserved 1114112K
  class space    used 7666K, capacity 7948K, committed 8008K, reserved 1048576K
GC Heap History (20 events):
Event: 0.392 GC heap before
{Heap before GC invocations=0 (full 0):
 garbage-first heap   total 131072K, used 17408K [0x0000000081c00000, 0x0000000100000000)
  region size 1024K, 14 young (14336K), 0 survivors (0K)
 Metaspace       used 9748K, capacity 9871K, committed 10112K, reserved 1058816K
  class space    used 827K, capacity 884K, committed 896K, reserved 1048576K
}
Event: 0.395 GC heap after
{Heap after GC invocations=1 (full 0):
 garbage-first heap   total 131072K, used 5239K [0x0000000081c00000, 0x0000000100000000)
  region size 1024K, 2 young (2048K), 2 survivors (2048K)
 Metaspace       used 9748K, capacity 9871K, committed 10112K, reserved 1058816K
  class space    used 827K, capacity 884K, committed 896K, reserved 1048576K
}
Event: 1.149 GC heap before
{Heap before GC invocations=1 (full 0):
 garbage-first heap   total 131072K, used 52343K [0x0000000081c00000, 0x0000000100000000)
  region size 1024K, 49 young (50176K), 2 survivors (2048K)
 Metaspace       used 21012K, capacity 21203K, committed 21248K, reserved 1069056K
  class space    used 2215K, capacity 2299K, committed 2304K, reserved 1048576K
}
Event: 1.161 GC heap after
{Heap after GC invocations=2 (full 0):
 garbage-first heap   total 131072K, used 9531K [0x0000000081c00000, 0x0000000100000000)
  region size 1024K, 7 young (7168K), 7 survivors (7168K)
 Metaspace       used 21012K, capacity 21203K, committed 21248K, reserved 1069056K
  class space    used 2215K, capacity 2299K, committed 2304K, reserved 1048576K
}
Event: 1.934 GC heap before
{Heap before GC invocations=3 (full 0):
 garbage-first heap   total 131072K, used 68923K [0x0000000081c00000, 0x0000000100000000)
  region size 1024K, 55 young (56320K), 7 survivors (7168K)
 Metaspace       used 30480K, capacity 30931K, committed 31228K, reserved 1077248K
  class space    used 3588K, capacity 3744K, committed 3836K, reserved 1048576K
}
Event: 1.949 GC heap after
{Heap after GC invocations=4 (full 0):
 garbage-first heap   total 131072K, used 24747K [0x0000000081c00000, 0x0000000100000000)
  region size 1024K, 7 young (7168K), 7 survivors (7168K)
 Metaspace       used 30480K, capacity 30931K, committed 31228K, reserved 1077248K
  class space    used 3588K, capacity 3744K, committed 3836K, reserved 1048576K
}
Event: 2.336 GC heap before
{Heap before GC invocations=4 (full 0):
 garbage-first heap   total 131072K, used 50347K [0x0000000081c00000, 0x0000000100000000)
  region size 1024K, 31 young (31744K), 7 survivors (7168K)
 Metaspace       used 35486K, capacity 35921K, committed 36048K, reserved 1081344K
  class space    used 4143K, capacity 4296K, committed 4348K, reserved 1048576K
}
Event: 2.352 GC heap after
{Heap after GC invocations=5 (full 0):
 garbage-first heap   total 131072K, used 24576K [0x0000000081c00000, 0x0000000100000000)
  region size 1024K, 2 young (2048K), 2 survivors (2048K)
 Metaspace       used 35486K, capacity 35921K, committed 36048K, reserved 1081344K
  class space    used 4143K, capacity 4296K, committed 4348K, reserved 1048576K
}
Event: 3.528 GC heap before
{Heap before GC invocations=6 (full 0):
 garbage-first heap   total 131072K, used 79872K [0x0000000081c00000, 0x0000000100000000)
  region size 1024K, 54 young (55296K), 2 survivors (2048K)
 Metaspace       used 46892K, capacity 47481K, committed 47772K, reserved 1091584K
  class space    used 5515K, capacity 5728K, committed 5832K, reserved 1048576K
}
Event: 3.537 GC heap after
{Heap after GC invocations=7 (full 0):
 garbage-first heap   total 160768K, used 31490K [0x0000000081c00000, 0x0000000100000000)
  region size 1024K, 7 young (7168K), 7 survivors (7168K)
 Metaspace       used 46892K, capacity 47481K, committed 47772K, reserved 1091584K
  class space    used 5515K, capacity 5728K, committed 5832K, reserved 1048576K
}
Event: 4.458 GC heap before
{Heap before GC invocations=7 (full 0):
 garbage-first heap   total 160768K, used 93954K [0x0000000081c00000, 0x0000000100000000)
  region size 1024K, 67 young (68608K), 7 survivors (7168K)
 Metaspace       used 51654K, capacity 52297K, committed 52380K, reserved 1095680K
  class space    used 6035K, capacity 6303K, committed 6344K, reserved 1048576K
}
Event: 4.473 GC heap after
{Heap after GC invocations=8 (full 0):
 garbage-first heap   total 160768K, used 38652K [0x0000000081c00000, 0x0000000100000000)
  region size 1024K, 7 young (7168K), 7 survivors (7168K)
 Metaspace       used 51654K, capacity 52297K, committed 52380K, reserved 1095680K
  class space    used 6035K, capacity 6303K, committed 6344K, reserved 1048576K
}
Event: 5.738 GC heap before
{Heap before GC invocations=8 (full 0):
 garbage-first heap   total 160768K, used 103164K [0x0000000081c00000, 0x0000000100000000)
  region size 1024K, 70 young (71680K), 7 survivors (7168K)
 Metaspace       used 56376K, capacity 57006K, committed 57116K, reserved 1099776K
  class space    used 6434K, capacity 6688K, committed 6728K, reserved 1048576K
}
Event: 5.759 GC heap after
{Heap after GC invocations=9 (full 0):
 garbage-first heap   total 160768K, used 48832K [0x0000000081c00000, 0x0000000100000000)
  region size 1024K, 9 young (9216K), 9 survivors (9216K)
 Metaspace       used 56376K, capacity 57006K, committed 57116K, reserved 1099776K
  class space    used 6434K, capacity 6688K, committed 6728K, reserved 1048576K
}
Event: 6.753 GC heap before
{Heap before GC invocations=9 (full 0):
 garbage-first heap   total 160768K, used 99008K [0x0000000081c00000, 0x0000000100000000)
  region size 1024K, 59 young (60416K), 9 survivors (9216K)
 Metaspace       used 59845K, capacity 60492K, committed 60572K, reserved 1103872K
  class space    used 6767K, capacity 7037K, committed 7112K, reserved 1048576K
}
Event: 6.775 GC heap after
{Heap after GC invocations=10 (full 0):
 garbage-first heap   total 160768K, used 57298K [0x0000000081c00000, 0x0000000100000000)
  region size 1024K, 8 young (8192K), 8 survivors (8192K)
 Metaspace       used 59845K, capacity 60492K, committed 60572K, reserved 1103872K
  class space    used 6767K, capacity 7037K, committed 7112K, reserved 1048576K
}
Event: 8.835 GC heap before
{Heap before GC invocations=11 (full 0):
 garbage-first heap   total 160768K, used 112594K [0x0000000081c00000, 0x0000000100000000)
  region size 1024K, 62 young (63488K), 8 survivors (8192K)
 Metaspace       used 63075K, capacity 63881K, committed 63912K, reserved 1105920K
  class space    used 6929K, capacity 7215K, committed 7240K, reserved 1048576K
}
Event: 8.857 GC heap after
{Heap after GC invocations=12 (full 0):
 garbage-first heap   total 193536K, used 65024K [0x0000000081c00000, 0x0000000100000000)
  region size 1024K, 8 young (8192K), 8 survivors (8192K)
 Metaspace       used 63075K, capacity 63881K, committed 63912K, reserved 1105920K
  class space    used 6929K, capacity 7215K, committed 7240K, reserved 1048576K
}
Event: 10.363 GC heap before
{Heap before GC invocations=12 (full 0):
 garbage-first heap   total 193536K, used 130560K [0x0000000081c00000, 0x0000000100000000)
  region size 1024K, 72 young (73728K), 8 survivors (8192K)
 Metaspace       used 70475K, capacity 71226K, committed 71336K, reserved 1112064K
  class space    used 7620K, capacity 7916K, committed 8008K, reserved 1048576K
}
Event: 10.385 GC heap after
{Heap after GC invocations=13 (full 0):
 garbage-first heap   total 193536K, used 70365K [0x0000000081c00000, 0x0000000100000000)
  region size 1024K, 5 young (5120K), 5 survivors (5120K)
 Metaspace       used 70475K, capacity 71226K, committed 71336K, reserved 1112064K
  class space    used 7620K, capacity 7916K, committed 8008K, reserved 1048576K
}

